[     273ms] [INFO] %cDownload the React DevTools for a better development experience: https://react.dev/link/react-devtools font-weight:bold @ http://localhost:5173/node_modules/.vite/deps/react-dom_client.js?v=5d687b3f:20102
[     627ms] Error: Firebase config missing. Set VITE_FIREBASE_* env vars.
    at initFirebase (http://localhost:5173/src/firebase/config.ts:23:11)
    at getAppAuth (http://localhost:5173/src/firebase/config.ts:35:10)
    at getCurrentUser (http://localhost:5173/src/firebase/auth.ts:28:10)
    at http://localhost:5173/src/bridge/components/EmployerMatchDashboard.tsx:43:18
    at Object.react_stack_bottom_frame (http://localhost:5173/node_modules/.vite/deps/react-dom_client.js?v=5d687b3f:18567:20)
    at runWithFiberInDEV (http://localhost:5173/node_modules/.vite/deps/react-dom_client.js?v=5d687b3f:997:72)
    at commitHookEffectListMount (http://localhost:5173/node_modules/.vite/deps/react-dom_client.js?v=5d687b3f:9411:163)
    at commitHookPassiveMountEffects (http://localhost:5173/node_modules/.vite/deps/react-dom_client.js?v=5d687b3f:9465:60)
    at reconnectPassiveEffects (http://localhost:5173/node_modules/.vite/deps/react-dom_client.js?v=5d687b3f:11273:13)
    at recursivelyTraverseReconnectPassiveEffects (http://localhost:5173/node_modules/.vite/deps/react-dom_client.js?v=5d687b3f:11240:11)
[     620ms] [WARNING] %s

%s
 An error occurred in the <EmployerMatchDashboard> component. Consider adding an error boundary to your tree to customize error handling behavior.
Visit https://react.dev/link/error-boundaries to learn more about error boundaries. @ http://localhost:5173/node_modules/.vite/deps/react-dom_client.js?v=5d687b3f:6965
[     630ms] Error: Firebase config missing. Set VITE_FIREBASE_* env vars.
    at initFirebase (http://localhost:5173/src/firebase/config.ts:23:11)
    at getAppAuth (http://localhost:5173/src/firebase/config.ts:35:10)
    at getCurrentUser (http://localhost:5173/src/firebase/auth.ts:28:10)
    at http://localhost:5173/src/bridge/components/EmployerMatchDashboard.tsx:43:18
    at Object.react_stack_bottom_frame (http://localhost:5173/node_modules/.vite/deps/react-dom_client.js?v=5d687b3f:18567:20)
    at runWithFiberInDEV (http://localhost:5173/node_modules/.vite/deps/react-dom_client.js?v=5d687b3f:997:72)
    at commitHookEffectListMount (http://localhost:5173/node_modules/.vite/deps/react-dom_client.js?v=5d687b3f:9411:163)
    at commitHookPassiveMountEffects (http://localhost:5173/node_modules/.vite/deps/react-dom_client.js?v=5d687b3f:9465:60)
    at reconnectPassiveEffects (http://localhost:5173/node_modules/.vite/deps/react-dom_client.js?v=5d687b3f:11273:13)
    at recursivelyTraverseReconnectPassiveEffects (http://localhost:5173/node_modules/.vite/deps/react-dom_client.js?v=5d687b3f:11240:11)
[     620ms] [WARNING] %s

%s
 An error occurred in the <EmployerMatchDashboard> component. Consider adding an error boundary to your tree to customize error handling behavior.
Visit https://react.dev/link/error-boundaries to learn more about error boundaries. @ http://localhost:5173/node_modules/.vite/deps/react-dom_client.js?v=5d687b3f:6965
